webView_test/app/build/outputs/logs/manifest-merger-debug-report.txt
-- Merging decision tree log ---
manifest
ADDED from src\main\AndroidManifest.xml:2:1-78:12
	package
		ADDED from src\main\AndroidManifest.xml:3:5-39
		INJECTED from src\main\AndroidManifest.xml
		INJECTED from src\main\AndroidManifest.xml
	android:versionName
		ADDED from src\main\AndroidManifest.xml:5:5-30
		INJECTED from src\main\AndroidManifest.xml
		INJECTED from src\main\AndroidManifest.xml
	android:versionCode
		ADDED from src\main\AndroidManifest.xml:4:5-28
		INJECTED from src\main\AndroidManifest.xml
		INJECTED from src\main\AndroidManifest.xml
	xmlns:android
		ADDED from src\main\AndroidManifest.xml:2:11-69
uses-sdk
ADDED from src\main\AndroidManifest.xml:7:5-9:41
	android:targetSdkVersion
		ADDED from src\main\AndroidManifest.xml:9:9-38
		INJECTED from src\main\AndroidManifest.xml
		INJECTED from src\main\AndroidManifest.xml
	android:minSdkVersion
		ADDED from src\main\AndroidManifest.xml:8:9-34
		INJECTED from src\main\AndroidManifest.xml
		INJECTED from src\main\AndroidManifest.xml
uses-permission#android.permission.SEND_SMS
ADDED from src\main\AndroidManifest.xml:11:5-67
	android:name
		ADDED from src\main\AndroidManifest.xml:11:22-64
uses-permission#android.permission.READ_PHONE_STATE
ADDED from src\main\AndroidManifest.xml:13:5-75
	android:name
		ADDED from src\main\AndroidManifest.xml:13:22-72
uses-permission#android.permission.INTERNET
ADDED from src\main\AndroidManifest.xml:15:5-67
	android:name
		ADDED from src\main\AndroidManifest.xml:15:22-64
uses-permission#android.permission.MODIFY_AUDIO_SETTINGS
ADDED from src\main\AndroidManifest.xml:16:5-80
	android:name
		ADDED from src\main\AndroidManifest.xml:16:22-77
uses-permission#android.permission.ACCESS_NETWORK_STATE
ADDED from src\main\AndroidManifest.xml:19:5-79
	android:name
		ADDED from src\main\AndroidManifest.xml:19:22-76
uses-permission#android.permission.ACCESS_WIFI_STATE
ADDED from src\main\AndroidManifest.xml:21:5-76
	android:name
		ADDED from src\main\AndroidManifest.xml:21:22-73
uses-permission#android.permission.CHANGE_WIFI_STATE
ADDED from src\main\AndroidManifest.xml:23:5-76
	android:name
		ADDED from src\main\AndroidManifest.xml:23:22-73
uses-permission#android.permission.WRITE_EXTERNAL_STORAGE
ADDED from src\main\AndroidManifest.xml:25:5-81
	android:name
		ADDED from src\main\AndroidManifest.xml:25:22-78
uses-permission#android.permission.RIDE_EXTERNAL_STORAGE
ADDED from src\main\AndroidManifest.xml:26:5-80
	android:name
		ADDED from src\main\AndroidManifest.xml:26:22-77
uses-permission#android.permission.MOUNT_UNMOUNT_FILESYSTEMS
ADDED from src\main\AndroidManifest.xml:27:5-84
	android:name
		ADDED from src\main\AndroidManifest.xml:27:22-81
uses-permission#android.permission.RECORD_AUDIO
ADDED from src\main\AndroidManifest.xml:28:5-71
	android:name
		ADDED from src\main\AndroidManifest.xml:28:22-68
uses-permission#android.permission.CAMERA
ADDED from src\main\AndroidManifest.xml:31:5-65
	android:name
		ADDED from src\main\AndroidManifest.xml:31:22-62
uses-feature#android.hardware.camera
ADDED from src\main\AndroidManifest.xml:33:5-60
	android:name
		ADDED from src\main\AndroidManifest.xml:33:19-57
uses-feature#android.hardware.autofocus
ADDED from src\main\AndroidManifest.xml:34:5-63
	android:name
		ADDED from src\main\AndroidManifest.xml:34:19-60
uses-feature#android.hardware.flash
ADDED from src\main\AndroidManifest.xml:35:5-59
	android:name
		ADDED from src\main\AndroidManifest.xml:35:19-56
uses-permission#android.permission.FLASHLIGHT
ADDED from src\main\AndroidManifest.xml:37:5-69
	android:name
		ADDED from src\main\AndroidManifest.xml:37:22-66
uses-permission#android.permission.RECEIVE_BOOT_COMPLETED
ADDED from src\main\AndroidManifest.xml:40:5-81
	android:name
		ADDED from src\main\AndroidManifest.xml:40:22-78
uses-permission#android.permission.BROADCAST_STICKY
ADDED from src\main\AndroidManifest.xml:41:5-75
	android:name
		ADDED from src\main\AndroidManifest.xml:41:22-72
uses-permission#android.permission.WRITE_SETTINGS
ADDED from src\main\AndroidManifest.xml:42:5-73
	android:name
		ADDED from src\main\AndroidManifest.xml:42:22-70
uses-permission#android.permission.VIBRATE
ADDED from src\main\AndroidManifest.xml:43:5-66
	android:name
		ADDED from src\main\AndroidManifest.xml:43:22-63
uses-permission#android.permission.ACCESS_DOWNLOAD_MANAGER
ADDED from src\main\AndroidManifest.xml:45:5-82
	android:name
		ADDED from src\main\AndroidManifest.xml:45:22-79
uses-permission#android.permission.DOWNLOAD_WITHOUT_NOTIFICATION
ADDED from src\main\AndroidManifest.xml:46:5-88
	android:name
		ADDED from src\main\AndroidManifest.xml:46:22-85
uses-permission#android.permission.SYSTEM_ALERT_WINDOW
ADDED from src\main\AndroidManifest.xml:47:5-78
	android:name
		ADDED from src\main\AndroidManifest.xml:47:22-75
uses-permission#android.permission.DISABLE_KEYGUARD
ADDED from src\main\AndroidManifest.xml:48:5-75
	android:name
		ADDED from src\main\AndroidManifest.xml:48:22-72
uses-permission#android.permission.ACCESS_COARSE_LOCATION
ADDED from src\main\AndroidManifest.xml:49:5-81
	android:name
		ADDED from src\main\AndroidManifest.xml:49:22-78
uses-permission#android.permission.ACCESS_FINE_LOCATION
ADDED from src\main\AndroidManifest.xml:50:5-79
	android:name
		ADDED from src\main\AndroidManifest.xml:50:22-76
application
ADDED from src\main\AndroidManifest.xml:52:5-76:19
	android:label
		ADDED from src\main\AndroidManifest.xml:56:9-41
	android:hardwareAccelerated
		ADDED from src\main\AndroidManifest.xml:54:9-43
	android:allowBackup
		ADDED from src\main\AndroidManifest.xml:53:9-35
	android:icon
		ADDED from src\main\AndroidManifest.xml:55:9-45
	android:theme
		ADDED from src\main\AndroidManifest.xml:57:9-40
activity#com.example.webview_test.MainActivity
ADDED from src\main\AndroidManifest.xml:58:9-63:20
	android:screenOrientation
		ADDED from src\main\AndroidManifest.xml:62:13-49
	android:label
		ADDED from src\main\AndroidManifest.xml:61:13-45
	android:configChanges
		ADDED from src\main\AndroidManifest.xml:60:13-74
	android:name
		ADDED from src\main\AndroidManifest.xml:59:13-65
activity#com.example.webview_test.EswVideoActivity
ADDED from src\main\AndroidManifest.xml:64:9-75:20
	android:screenOrientation
		ADDED from src\main\AndroidManifest.xml:67:13-49
	android:windowSoftInputMode
		ADDED from src\main\AndroidManifest.xml:69:13-59
	android:configChanges
		ADDED from src\main\AndroidManifest.xml:66:13-74
	android:theme
		ADDED from src\main\AndroidManifest.xml:68:13-44
	android:name
		ADDED from src\main\AndroidManifest.xml:65:13-69
intent-filter#android.intent.action.MAIN+android.intent.category.LAUNCHER
ADDED from src\main\AndroidManifest.xml:70:13-74:29
action#android.intent.action.MAIN
ADDED from src\main\AndroidManifest.xml:71:17-69
	android:name
		ADDED from src\main\AndroidManifest.xml:71:25-66
category#android.intent.category.LAUNCHER
ADDED from src\main\AndroidManifest.xml:73:17-77
	android:name
		ADDED from src\main\AndroidManifest.xml:73:27-74